widget/IMLib/build/outputs/logs/manifest-merger-release-report.txt
-- Merging decision tree log ---
manifest
ADDED from xingyu\IMLib\AndroidManifest.xml:1:1-89:12
INJECTED from xingyu\IMLib\AndroidManifest.xml:1:1-89:12
INJECTED from xingyu\IMLib\AndroidManifest.xml:1:1-89:12
INJECTED from xingyu\IMLib\AndroidManifest.xml:1:1-89:12
INJECTED from xingyu\IMLib\AndroidManifest.xml:1:1-89:12
INJECTED from xingyu\IMLib\AndroidManifest.xml:1:1-89:12
INJECTED from xingyu\IMLib\AndroidManifest.xml:1:1-89:12
	package
		ADDED from xingyu\IMLib\AndroidManifest.xml:2:5-28
		INJECTED from xingyu\IMLib\AndroidManifest.xml
		INJECTED from xingyu\IMLib\AndroidManifest.xml
	android:versionName
		INJECTED from xingyu\IMLib\AndroidManifest.xml
		ADDED from xingyu\IMLib\AndroidManifest.xml:1:1-89:12
		INJECTED from xingyu\IMLib\AndroidManifest.xml
	android:versionCode
		INJECTED from xingyu\IMLib\AndroidManifest.xml
		ADDED from xingyu\IMLib\AndroidManifest.xml:1:1-89:12
		INJECTED from xingyu\IMLib\AndroidManifest.xml
	xmlns:android
		ADDED from xingyu\IMLib\AndroidManifest.xml:1:11-69
uses-sdk
ADDED from xingyu\IMLib\AndroidManifest.xml:4:5-6:41
INJECTED from xingyu\IMLib\AndroidManifest.xml:4:5-6:41
INJECTED from xingyu\IMLib\AndroidManifest.xml:4:5-6:41
INJECTED from xingyu\IMLib\AndroidManifest.xml:4:5-6:41
INJECTED from xingyu\IMLib\AndroidManifest.xml:4:5-6:41
	android:targetSdkVersion
		ADDED from xingyu\IMLib\AndroidManifest.xml:6:9-38
		INJECTED from xingyu\IMLib\AndroidManifest.xml
		INJECTED from xingyu\IMLib\AndroidManifest.xml
	android:minSdkVersion
		ADDED from xingyu\IMLib\AndroidManifest.xml:5:9-35
		INJECTED from xingyu\IMLib\AndroidManifest.xml
		INJECTED from xingyu\IMLib\AndroidManifest.xml
uses-permission#android.permission.WRITE_EXTERNAL_STORAGE
ADDED from xingyu\IMLib\AndroidManifest.xml:8:5-81
	android:name
		ADDED from xingyu\IMLib\AndroidManifest.xml:8:22-78
uses-permission#android.permission.INTERNET
ADDED from xingyu\IMLib\AndroidManifest.xml:9:5-67
	android:name
		ADDED from xingyu\IMLib\AndroidManifest.xml:9:22-64
uses-permission#android.permission.ACCESS_NETWORK_STATE
ADDED from xingyu\IMLib\AndroidManifest.xml:10:5-79
	android:name
		ADDED from xingyu\IMLib\AndroidManifest.xml:10:22-76
uses-permission#android.permission.ACCESS_WIFI_STATE
ADDED from xingyu\IMLib\AndroidManifest.xml:11:5-76
	android:name
		ADDED from xingyu\IMLib\AndroidManifest.xml:11:22-73
uses-permission#android.permission.READ_PHONE_STATE
ADDED from xingyu\IMLib\AndroidManifest.xml:12:5-75
	android:name
		ADDED from xingyu\IMLib\AndroidManifest.xml:12:22-72
uses-permission#android.permission.RECORD_AUDIO
ADDED from xingyu\IMLib\AndroidManifest.xml:13:5-71
	android:name
		ADDED from xingyu\IMLib\AndroidManifest.xml:13:22-68
uses-permission#android.permission.GET_TASKS
ADDED from xingyu\IMLib\AndroidManifest.xml:14:5-68
	android:name
		ADDED from xingyu\IMLib\AndroidManifest.xml:14:22-65
uses-permission#android.permission.WAKE_LOCK
ADDED from xingyu\IMLib\AndroidManifest.xml:15:5-68
	android:name
		ADDED from xingyu\IMLib\AndroidManifest.xml:15:22-65
uses-permission#android.permission.MODIFY_AUDIO_SETTINGS
ADDED from xingyu\IMLib\AndroidManifest.xml:16:5-80
	android:name
		ADDED from xingyu\IMLib\AndroidManifest.xml:16:22-77
uses-permission#android.permission.VIBRATE
ADDED from xingyu\IMLib\AndroidManifest.xml:17:5-66
	android:name
		ADDED from xingyu\IMLib\AndroidManifest.xml:17:22-63
uses-permission#android.permission.ACCESS_FINE_LOCATION
ADDED from xingyu\IMLib\AndroidManifest.xml:18:5-79
	android:name
		ADDED from xingyu\IMLib\AndroidManifest.xml:18:22-76
uses-permission#android.permission.RECEIVE_BOOT_COMPLETED
ADDED from xingyu\IMLib\AndroidManifest.xml:19:5-81
	android:name
		ADDED from xingyu\IMLib\AndroidManifest.xml:19:22-78
application
ADDED from xingyu\IMLib\AndroidManifest.xml:21:5-87:19
meta-data#RONG_CLOUD_APP_KEY
ADDED from xingyu\IMLib\AndroidManifest.xml:27:9-29:45
	android:value
		ADDED from xingyu\IMLib\AndroidManifest.xml:29:15-42
	android:name
		ADDED from xingyu\IMLib\AndroidManifest.xml:28:13-46
service#io.rong.imlib.ipc.RongService
ADDED from xingyu\IMLib\AndroidManifest.xml:31:9-34:38
	android:process
		ADDED from xingyu\IMLib\AndroidManifest.xml:34:13-35
	android:exported
		ADDED from xingyu\IMLib\AndroidManifest.xml:33:13-36
	android:name
		ADDED from xingyu\IMLib\AndroidManifest.xml:32:13-57
receiver#io.rong.imlib.ConnectChangeReceiver
ADDED from xingyu\IMLib\AndroidManifest.xml:36:9-38:39
	android:exported
		ADDED from xingyu\IMLib\AndroidManifest.xml:38:13-36
	android:name
		ADDED from xingyu\IMLib\AndroidManifest.xml:37:13-63
receiver#io.rong.imlib.HeartbeatReceiver
ADDED from xingyu\IMLib\AndroidManifest.xml:40:9-42:38
	android:process
		ADDED from xingyu\IMLib\AndroidManifest.xml:42:13-35
	android:name
		ADDED from xingyu\IMLib\AndroidManifest.xml:41:13-59
service#io.rong.push.core.PushRegistrationService
ADDED from xingyu\IMLib\AndroidManifest.xml:49:9-52:72
	android:exported
		ADDED from xingyu\IMLib\AndroidManifest.xml:51:13-36
	android:permission
		ADDED from xingyu\IMLib\AndroidManifest.xml:52:13-69
	android:name
		ADDED from xingyu\IMLib\AndroidManifest.xml:50:13-69
service#io.rong.push.core.MessageHandleService
ADDED from xingyu\IMLib\AndroidManifest.xml:54:9-57:72
	android:exported
		ADDED from xingyu\IMLib\AndroidManifest.xml:56:13-36
	android:permission
		ADDED from xingyu\IMLib\AndroidManifest.xml:57:13-69
	android:name
		ADDED from xingyu\IMLib\AndroidManifest.xml:55:13-66
service#io.rong.push.PushService
ADDED from xingyu\IMLib\AndroidManifest.xml:60:9-64:46
	android:process
		ADDED from xingyu\IMLib\AndroidManifest.xml:64:13-43
	android:exported
		ADDED from xingyu\IMLib\AndroidManifest.xml:62:13-36
	android:permission
		ADDED from xingyu\IMLib\AndroidManifest.xml:63:13-69
	android:name
		ADDED from xingyu\IMLib\AndroidManifest.xml:61:13-52
receiver#io.rong.push.PushReceiver
ADDED from xingyu\IMLib\AndroidManifest.xml:67:9-82:20
	android:process
		ADDED from xingyu\IMLib\AndroidManifest.xml:69:13-43
	android:name
		ADDED from xingyu\IMLib\AndroidManifest.xml:68:13-53
intent-filter#action:name:android.net.conn.CONNECTIVITY_CHANGE+action:name:io.rong.push.intent.action.HEART_BEAT
ADDED from xingyu\IMLib\AndroidManifest.xml:71:13-74:29
action#io.rong.push.intent.action.HEART_BEAT
ADDED from xingyu\IMLib\AndroidManifest.xml:72:17-80
	android:name
		ADDED from xingyu\IMLib\AndroidManifest.xml:72:25-77
action#android.net.conn.CONNECTIVITY_CHANGE
ADDED from xingyu\IMLib\AndroidManifest.xml:73:17-79
	android:name
		ADDED from xingyu\IMLib\AndroidManifest.xml:73:25-76
intent-filter#action:name:android.intent.action.ACTION_POWER_CONNECTED+action:name:android.intent.action.ACTION_POWER_DISCONNECTED+action:name:android.intent.action.USER_PRESENT
ADDED from xingyu\IMLib\AndroidManifest.xml:77:13-81:29
action#android.intent.action.USER_PRESENT
ADDED from xingyu\IMLib\AndroidManifest.xml:78:17-77
	android:name
		ADDED from xingyu\IMLib\AndroidManifest.xml:78:25-74
action#android.intent.action.ACTION_POWER_CONNECTED
ADDED from xingyu\IMLib\AndroidManifest.xml:79:17-87
	android:name
		ADDED from xingyu\IMLib\AndroidManifest.xml:79:25-84
action#android.intent.action.ACTION_POWER_DISCONNECTED
ADDED from xingyu\IMLib\AndroidManifest.xml:80:17-90
	android:name
		ADDED from xingyu\IMLib\AndroidManifest.xml:80:25-87